{"E:\\learn\\node\\error\\src\\app.ts": {"path":"E:\\learn\\node\\error\\src\\app.ts","statementMap":{"0":{"start":{"line":1,"column":0},"end":{"line":1,"column":30}},"1":{"start":{"line":2,"column":0},"end":{"line":2,"column":35}},"2":{"start":{"line":3,"column":0},"end":{"line":3,"column":40}},"3":{"start":{"line":4,"column":0},"end":{"line":4,"column":56}},"4":{"start":{"line":5,"column":0},"end":{"line":5,"column":43}},"5":{"start":{"line":6,"column":0},"end":{"line":6,"column":27}},"6":{"start":{"line":7,"column":0},"end":{"line":7,"column":59}},"7":{"start":{"line":8,"column":0},"end":{"line":8,"column":48}},"8":{"start":{"line":11,"column":12},"end":{"line":11,"column":21}},"9":{"start":{"line":30,"column":9},"end":{"line":30,"column":12}},"10":{"start":{"line":12,"column":0},"end":{"line":12,"column":29}},"11":{"start":{"line":13,"column":0},"end":{"line":13,"column":16}},"12":{"start":{"line":14,"column":0},"end":{"line":14,"column":null}},"13":{"start":{"line":17,"column":0},"end":{"line":21,"column":null}},"14":{"start":{"line":23,"column":0},"end":{"line":23,"column":null}},"15":{"start":{"line":24,"column":0},"end":{"line":24,"column":null}},"16":{"start":{"line":25,"column":0},"end":{"line":25,"column":16}},"17":{"start":{"line":27,"column":0},"end":{"line":27,"column":null}}},"fnMap":{},"branchMap":{},"s":{"0":1,"1":1,"2":1,"3":1,"4":1,"5":1,"6":1,"7":1,"8":1,"9":1,"10":1,"11":1,"12":1,"13":1,"14":1,"15":1,"16":1,"17":1},"f":{},"b":{}}
,"E:\\learn\\node\\error\\src\\controller\\permissionController.ts": {"path":"E:\\learn\\node\\error\\src\\controller\\permissionController.ts","statementMap":{"0":{"start":{"line":2,"column":0},"end":{"line":2,"column":50}},"1":{"start":{"line":4,"column":32},"end":{"line":10,"column":null}},"2":{"start":{"line":4,"column":67},"end":{"line":10,"column":null}},"3":{"start":{"line":5,"column":24},"end":{"line":5,"column":48}},"4":{"start":{"line":7,"column":4},"end":{"line":9,"column":null}},"5":{"start":{"line":8,"column":8},"end":{"line":8,"column":null}},"6":{"start":{"line":4,"column":13},"end":{"line":4,"column":32}}},"fnMap":{"0":{"name":"(anonymous_7)","decl":{"start":{"line":4,"column":32},"end":{"line":4,"column":38}},"loc":{"start":{"line":4,"column":67},"end":{"line":10,"column":null}}},"1":{"name":"(anonymous_8)","decl":{"start":{"line":4,"column":67},"end":{"line":4,"column":null}},"loc":{"start":{"line":4,"column":67},"end":{"line":10,"column":1}}},"2":{"name":"(anonymous_9)","decl":{"start":{"line":7,"column":21},"end":{"line":7,"column":22}},"loc":{"start":{"line":7,"column":35},"end":{"line":9,"column":5}}}},"branchMap":{"0":{"loc":{"start":{"line":8,"column":8},"end":{"line":8,"column":59}},"type":"cond-expr","locations":[{"start":{"line":8,"column":14},"end":{"line":8,"column":30}},{"start":{"line":8,"column":31},"end":{"line":8,"column":59}}]}},"s":{"0":1,"1":1,"2":4,"3":4,"4":4,"5":4,"6":1},"f":{"0":4,"1":4,"2":4},"b":{"0":[0,4]}}
,"E:\\learn\\node\\error\\src\\controller\\postController.ts": {"path":"E:\\learn\\node\\error\\src\\controller\\postController.ts","statementMap":{"0":{"start":{"line":2,"column":0},"end":{"line":2,"column":35}},"1":{"start":{"line":4,"column":24},"end":{"line":14,"column":null}},"2":{"start":{"line":4,"column":59},"end":{"line":14,"column":null}},"3":{"start":{"line":5,"column":18},"end":{"line":7,"column":6}},"4":{"start":{"line":8,"column":4},"end":{"line":13,"column":null}},"5":{"start":{"line":9,"column":8},"end":{"line":9,"column":46}},"6":{"start":{"line":12,"column":8},"end":{"line":12,"column":null}},"7":{"start":{"line":4,"column":13},"end":{"line":4,"column":24}},"8":{"start":{"line":16,"column":26},"end":{"line":23,"column":null}},"9":{"start":{"line":16,"column":61},"end":{"line":23,"column":null}},"10":{"start":{"line":17,"column":17},"end":{"line":17,"column":35}},"11":{"start":{"line":18,"column":4},"end":{"line":18,"column":22}},"12":{"start":{"line":20,"column":4},"end":{"line":22,"column":null}},"13":{"start":{"line":21,"column":8},"end":{"line":21,"column":null}},"14":{"start":{"line":16,"column":13},"end":{"line":16,"column":26}},"15":{"start":{"line":26,"column":26},"end":{"line":37,"column":null}},"16":{"start":{"line":26,"column":80},"end":{"line":37,"column":null}},"17":{"start":{"line":27,"column":4},"end":{"line":36,"column":null}},"18":{"start":{"line":28,"column":23},"end":{"line":28,"column":31}},"19":{"start":{"line":29,"column":23},"end":{"line":29,"column":38}},"20":{"start":{"line":30,"column":8},"end":{"line":30,"column":null}},"21":{"start":{"line":31,"column":21},"end":{"line":31,"column":48}},"22":{"start":{"line":32,"column":8},"end":{"line":32,"column":null}},"23":{"start":{"line":35,"column":8},"end":{"line":35,"column":null}},"24":{"start":{"line":26,"column":13},"end":{"line":26,"column":26}},"25":{"start":{"line":39,"column":26},"end":{"line":48,"column":null}},"26":{"start":{"line":39,"column":62},"end":{"line":48,"column":null}},"27":{"start":{"line":40,"column":4},"end":{"line":47,"column":16}},"28":{"start":{"line":41,"column":23},"end":{"line":41,"column":38}},"29":{"start":{"line":42,"column":8},"end":{"line":42,"column":null}},"30":{"start":{"line":43,"column":8},"end":{"line":45,"column":11}},"31":{"start":{"line":39,"column":13},"end":{"line":39,"column":26}}},"fnMap":{"0":{"name":"(anonymous_7)","decl":{"start":{"line":4,"column":24},"end":{"line":4,"column":30}},"loc":{"start":{"line":4,"column":59},"end":{"line":14,"column":null}}},"1":{"name":"(anonymous_8)","decl":{"start":{"line":4,"column":59},"end":{"line":4,"column":null}},"loc":{"start":{"line":4,"column":59},"end":{"line":14,"column":1}}},"2":{"name":"(anonymous_9)","decl":{"start":{"line":16,"column":26},"end":{"line":16,"column":32}},"loc":{"start":{"line":16,"column":61},"end":{"line":23,"column":null}}},"3":{"name":"(anonymous_10)","decl":{"start":{"line":16,"column":61},"end":{"line":16,"column":null}},"loc":{"start":{"line":16,"column":61},"end":{"line":23,"column":1}}},"4":{"name":"(anonymous_11)","decl":{"start":{"line":20,"column":14},"end":{"line":20,"column":15}},"loc":{"start":{"line":20,"column":28},"end":{"line":22,"column":5}}},"5":{"name":"(anonymous_12)","decl":{"start":{"line":26,"column":26},"end":{"line":26,"column":33}},"loc":{"start":{"line":26,"column":80},"end":{"line":37,"column":null}}},"6":{"name":"(anonymous_13)","decl":{"start":{"line":26,"column":80},"end":{"line":26,"column":null}},"loc":{"start":{"line":26,"column":80},"end":{"line":37,"column":1}}},"7":{"name":"(anonymous_14)","decl":{"start":{"line":39,"column":26},"end":{"line":39,"column":33}},"loc":{"start":{"line":39,"column":62},"end":{"line":48,"column":null}}},"8":{"name":"(anonymous_15)","decl":{"start":{"line":39,"column":62},"end":{"line":39,"column":null}},"loc":{"start":{"line":39,"column":62},"end":{"line":48,"column":1}}}},"branchMap":{"0":{"loc":{"start":{"line":8,"column":4},"end":{"line":13,"column":null}},"type":"if","locations":[{"start":{"line":8,"column":4},"end":{"line":13,"column":null}},{"start":{"line":11,"column":8},"end":{"line":13,"column":null}}]},"1":{"loc":{"start":{"line":21,"column":15},"end":{"line":21,"column":66}},"type":"cond-expr","locations":[{"start":{"line":21,"column":21},"end":{"line":21,"column":37}},{"start":{"line":21,"column":38},"end":{"line":21,"column":66}}]}},"s":{"0":1,"1":1,"2":3,"3":3,"4":3,"5":3,"6":0,"7":1,"8":1,"9":2,"10":2,"11":2,"12":2,"13":2,"14":1,"15":1,"16":2,"17":2,"18":2,"19":2,"20":2,"21":2,"22":2,"23":0,"24":1,"25":1,"26":1,"27":1,"28":1,"29":1,"30":1,"31":1},"f":{"0":3,"1":3,"2":2,"3":2,"4":2,"5":2,"6":2,"7":1,"8":1},"b":{"0":[3,0],"1":[0,2]}}
,"E:\\learn\\node\\error\\src\\controller\\signinController.ts": {"path":"E:\\learn\\node\\error\\src\\controller\\signinController.ts","statementMap":{"0":{"start":{"line":2,"column":0},"end":{"line":2,"column":31}},"1":{"start":{"line":3,"column":0},"end":{"line":3,"column":36}},"2":{"start":{"line":4,"column":0},"end":{"line":4,"column":48}},"3":{"start":{"line":6,"column":32},"end":{"line":37,"column":null}},"4":{"start":{"line":6,"column":66},"end":{"line":37,"column":null}},"5":{"start":{"line":7,"column":32},"end":{"line":7,"column":40}},"6":{"start":{"line":8,"column":25},"end":{"line":8,"column":54}},"7":{"start":{"line":9,"column":4},"end":{"line":11,"column":null}},"8":{"start":{"line":10,"column":8},"end":{"line":10,"column":null}},"9":{"start":{"line":12,"column":27},"end":{"line":14,"column":null}},"10":{"start":{"line":17,"column":4},"end":{"line":19,"column":null}},"11":{"start":{"line":18,"column":8},"end":{"line":18,"column":null}},"12":{"start":{"line":20,"column":4},"end":{"line":20,"column":37}},"13":{"start":{"line":22,"column":20},"end":{"line":28,"column":null}},"14":{"start":{"line":32,"column":4},"end":{"line":34,"column":6}},"15":{"start":{"line":36,"column":4},"end":{"line":36,"column":39}},"16":{"start":{"line":6,"column":13},"end":{"line":6,"column":32}},"17":{"start":{"line":39,"column":26},"end":{"line":45,"column":null}},"18":{"start":{"line":39,"column":61},"end":{"line":45,"column":null}},"19":{"start":{"line":40,"column":25},"end":{"line":40,"column":33}},"20":{"start":{"line":41,"column":28},"end":{"line":41,"column":64}},"21":{"start":{"line":42,"column":4},"end":{"line":44,"column":null}},"22":{"start":{"line":43,"column":8},"end":{"line":43,"column":null}},"23":{"start":{"line":39,"column":13},"end":{"line":39,"column":26}}},"fnMap":{"0":{"name":"(anonymous_8)","decl":{"start":{"line":6,"column":32},"end":{"line":6,"column":39}},"loc":{"start":{"line":6,"column":66},"end":{"line":37,"column":null}}},"1":{"name":"(anonymous_9)","decl":{"start":{"line":6,"column":66},"end":{"line":6,"column":null}},"loc":{"start":{"line":6,"column":66},"end":{"line":37,"column":1}}},"2":{"name":"(anonymous_10)","decl":{"start":{"line":39,"column":26},"end":{"line":39,"column":33}},"loc":{"start":{"line":39,"column":61},"end":{"line":45,"column":null}}},"3":{"name":"(anonymous_11)","decl":{"start":{"line":39,"column":61},"end":{"line":39,"column":null}},"loc":{"start":{"line":39,"column":61},"end":{"line":45,"column":1}}}},"branchMap":{"0":{"loc":{"start":{"line":9,"column":4},"end":{"line":11,"column":null}},"type":"if","locations":[{"start":{"line":9,"column":4},"end":{"line":11,"column":null}}]},"1":{"loc":{"start":{"line":17,"column":4},"end":{"line":19,"column":null}},"type":"if","locations":[{"start":{"line":17,"column":4},"end":{"line":19,"column":null}}]},"2":{"loc":{"start":{"line":42,"column":4},"end":{"line":44,"column":null}},"type":"if","locations":[{"start":{"line":42,"column":4},"end":{"line":44,"column":null}}]}},"s":{"0":1,"1":1,"2":1,"3":1,"4":2,"5":2,"6":2,"7":2,"8":0,"9":2,"10":2,"11":0,"12":2,"13":2,"14":2,"15":2,"16":1,"17":1,"18":2,"19":2,"20":2,"21":2,"22":2,"23":1},"f":{"0":2,"1":2,"2":2,"3":2},"b":{"0":[0],"1":[0],"2":[2]}}
,"E:\\learn\\node\\error\\src\\controller\\signupController.ts": {"path":"E:\\learn\\node\\error\\src\\controller\\signupController.ts","statementMap":{"0":{"start":{"line":2,"column":0},"end":{"line":2,"column":31}},"1":{"start":{"line":3,"column":0},"end":{"line":3,"column":36}},"2":{"start":{"line":5,"column":32},"end":{"line":29,"column":null}},"3":{"start":{"line":5,"column":66},"end":{"line":29,"column":null}},"4":{"start":{"line":6,"column":32},"end":{"line":6,"column":40}},"5":{"start":{"line":7,"column":25},"end":{"line":7,"column":54}},"6":{"start":{"line":8,"column":4},"end":{"line":10,"column":null}},"7":{"start":{"line":9,"column":8},"end":{"line":9,"column":null}},"8":{"start":{"line":12,"column":17},"end":{"line":12,"column":57}},"9":{"start":{"line":13,"column":4},"end":{"line":13,"column":22}},"10":{"start":{"line":15,"column":20},"end":{"line":21,"column":null}},"11":{"start":{"line":24,"column":6},"end":{"line":26,"column":8}},"12":{"start":{"line":28,"column":4},"end":{"line":28,"column":31}},"13":{"start":{"line":5,"column":13},"end":{"line":5,"column":32}}},"fnMap":{"0":{"name":"(anonymous_8)","decl":{"start":{"line":5,"column":32},"end":{"line":5,"column":39}},"loc":{"start":{"line":5,"column":66},"end":{"line":29,"column":null}}},"1":{"name":"(anonymous_9)","decl":{"start":{"line":5,"column":66},"end":{"line":5,"column":null}},"loc":{"start":{"line":5,"column":66},"end":{"line":29,"column":1}}}},"branchMap":{"0":{"loc":{"start":{"line":8,"column":4},"end":{"line":10,"column":null}},"type":"if","locations":[{"start":{"line":8,"column":4},"end":{"line":10,"column":null}}]}},"s":{"0":1,"1":1,"2":1,"3":3,"4":3,"5":3,"6":3,"7":0,"8":3,"9":3,"10":3,"11":3,"12":3,"13":1},"f":{"0":3,"1":3},"b":{"0":[0]}}
,"E:\\learn\\node\\error\\src\\errors\\custom-errors-contract.ts": {"path":"E:\\learn\\node\\error\\src\\errors\\custom-errors-contract.ts","statementMap":{"0":{"start":{"line":5,"column":6},"end":{"line":5,"column":21}},"1":{"start":{"line":7,"column":6},"end":{"line":7,"column":65}},"2":{"start":{"line":1,"column":0},"end":{"line":1,"column":22}}},"fnMap":{"0":{"name":"(anonymous_0)","decl":{"start":{"line":4,"column":4},"end":{"line":4,"column":16}},"loc":{"start":{"line":4,"column":31},"end":{"line":8,"column":5}}}},"branchMap":{},"s":{"0":0,"1":0,"2":1},"f":{"0":0},"b":{}}
,"E:\\learn\\node\\error\\src\\errors\\request-validation-error.ts": {"path":"E:\\learn\\node\\error\\src\\errors\\request-validation-error.ts","statementMap":{"0":{"start":{"line":2,"column":0},"end":{"line":2,"column":62}},"1":{"start":{"line":9,"column":8},"end":{"line":9,"column":null}},"2":{"start":{"line":8,"column":23},"end":{"line":8,"column":47}},"3":{"start":{"line":6,"column":4},"end":{"line":6,"column":null}},"4":{"start":{"line":10,"column":8},"end":{"line":10,"column":null}},"5":{"start":{"line":14,"column":8},"end":{"line":16,"column":null}},"6":{"start":{"line":15,"column":12},"end":{"line":15,"column":null}},"7":{"start":{"line":4,"column":0},"end":{"line":4,"column":13}}},"fnMap":{"0":{"name":"(anonymous_0)","decl":{"start":{"line":8,"column":4},"end":{"line":8,"column":23}},"loc":{"start":{"line":8,"column":47},"end":{"line":11,"column":5}}},"1":{"name":"(anonymous_1)","decl":{"start":{"line":13,"column":4},"end":{"line":13,"column":19}},"loc":{"start":{"line":13,"column":19},"end":{"line":17,"column":5}}},"2":{"name":"(anonymous_2)","decl":{"start":{"line":14,"column":31},"end":{"line":14,"column":32}},"loc":{"start":{"line":14,"column":38},"end":{"line":16,"column":9}}}},"branchMap":{},"s":{"0":1,"1":0,"2":0,"3":0,"4":0,"5":0,"6":0,"7":1},"f":{"0":0,"1":0,"2":0},"b":{}}
,"E:\\learn\\node\\error\\src\\middleware\\currentUser.ts": {"path":"E:\\learn\\node\\error\\src\\middleware\\currentUser.ts","statementMap":{"0":{"start":{"line":2,"column":0},"end":{"line":2,"column":31}},"1":{"start":{"line":19,"column":27},"end":{"line":33,"column":1}},"2":{"start":{"line":20,"column":4},"end":{"line":22,"column":null}},"3":{"start":{"line":21,"column":8},"end":{"line":21,"column":null}},"4":{"start":{"line":24,"column":2},"end":{"line":31,"column":15}},"5":{"start":{"line":25,"column":20},"end":{"line":27,"column":null}},"6":{"start":{"line":29,"column":6},"end":{"line":29,"column":32}},"7":{"start":{"line":32,"column":2},"end":{"line":32,"column":9}},"8":{"start":{"line":19,"column":13},"end":{"line":19,"column":27}}},"fnMap":{"0":{"name":"(anonymous_1)","decl":{"start":{"line":19,"column":27},"end":{"line":19,"column":29}},"loc":{"start":{"line":19,"column":81},"end":{"line":33,"column":1}}}},"branchMap":{"0":{"loc":{"start":{"line":20,"column":4},"end":{"line":22,"column":null}},"type":"if","locations":[{"start":{"line":20,"column":4},"end":{"line":22,"column":null}}]},"1":{"loc":{"start":{"line":20,"column":8},"end":{"line":20,"column":24}},"type":"cond-expr","locations":[{"start":{"line":20,"column":19},"end":{"line":20,"column":21}},{"start":{"line":20,"column":19},"end":{"line":20,"column":24}}]},"2":{"loc":{"start":{"line":20,"column":8},"end":{"line":20,"column":21}},"type":"binary-expr","locations":[{"start":{"line":20,"column":8},"end":{"line":20,"column":21}},{"start":{"line":20,"column":19},"end":{"line":20,"column":21}}]}},"s":{"0":1,"1":1,"2":8,"3":0,"4":8,"5":8,"6":8,"7":8,"8":1},"f":{"0":8},"b":{"0":[0],"1":[0,8],"2":[8,8]}}
,"E:\\learn\\node\\error\\src\\middleware\\error-handler.ts": {"path":"E:\\learn\\node\\error\\src\\middleware\\error-handler.ts","statementMap":{"0":{"start":{"line":2,"column":0},"end":{"line":2,"column":70}},"1":{"start":{"line":4,"column":28},"end":{"line":19,"column":3}},"2":{"start":{"line":10,"column":4},"end":{"line":10,"column":21}},"3":{"start":{"line":12,"column":4},"end":{"line":14,"column":null}},"4":{"start":{"line":13,"column":6},"end":{"line":13,"column":80}},"5":{"start":{"line":16,"column":4},"end":{"line":18,"column":7}},"6":{"start":{"line":4,"column":13},"end":{"line":4,"column":28}}},"fnMap":{"0":{"name":"(anonymous_0)","decl":{"start":{"line":4,"column":28},"end":{"line":4,"column":null}},"loc":{"start":{"line":9,"column":6},"end":{"line":19,"column":3}}}},"branchMap":{"0":{"loc":{"start":{"line":12,"column":4},"end":{"line":14,"column":null}},"type":"if","locations":[{"start":{"line":12,"column":4},"end":{"line":14,"column":null}}]}},"s":{"0":1,"1":1,"2":0,"3":0,"4":0,"5":0,"6":1},"f":{"0":0},"b":{"0":[0]}}
,"E:\\learn\\node\\error\\src\\middleware\\hasPermission.ts": {"path":"E:\\learn\\node\\error\\src\\middleware\\hasPermission.ts","statementMap":{"0":{"start":{"line":2,"column":0},"end":{"line":2,"column":31}},"1":{"start":{"line":3,"column":0},"end":{"line":3,"column":51}},"2":{"start":{"line":11,"column":29},"end":{"line":39,"column":null}},"3":{"start":{"line":11,"column":86},"end":{"line":39,"column":null}},"4":{"start":{"line":12,"column":4},"end":{"line":14,"column":null}},"5":{"start":{"line":13,"column":8},"end":{"line":13,"column":null}},"6":{"start":{"line":16,"column":2},"end":{"line":38,"column":15}},"7":{"start":{"line":17,"column":17},"end":{"line":19,"column":null}},"8":{"start":{"line":22,"column":6},"end":{"line":24,"column":null}},"9":{"start":{"line":23,"column":8},"end":{"line":23,"column":null}},"10":{"start":{"line":26,"column":19},"end":{"line":30,"column":8}},"11":{"start":{"line":33,"column":6},"end":{"line":35,"column":null}},"12":{"start":{"line":34,"column":8},"end":{"line":34,"column":null}},"13":{"start":{"line":36,"column":6},"end":{"line":36,"column":13}},"14":{"start":{"line":11,"column":13},"end":{"line":11,"column":29}}},"fnMap":{"0":{"name":"(anonymous_8)","decl":{"start":{"line":11,"column":29},"end":{"line":11,"column":36}},"loc":{"start":{"line":11,"column":86},"end":{"line":39,"column":null}}},"1":{"name":"(anonymous_9)","decl":{"start":{"line":11,"column":86},"end":{"line":11,"column":null}},"loc":{"start":{"line":11,"column":86},"end":{"line":39,"column":1}}}},"branchMap":{"0":{"loc":{"start":{"line":12,"column":4},"end":{"line":14,"column":null}},"type":"if","locations":[{"start":{"line":12,"column":4},"end":{"line":14,"column":null}}]},"1":{"loc":{"start":{"line":12,"column":8},"end":{"line":12,"column":24}},"type":"cond-expr","locations":[{"start":{"line":12,"column":19},"end":{"line":12,"column":21}},{"start":{"line":12,"column":19},"end":{"line":12,"column":24}}]},"2":{"loc":{"start":{"line":12,"column":8},"end":{"line":12,"column":21}},"type":"binary-expr","locations":[{"start":{"line":12,"column":8},"end":{"line":12,"column":21}},{"start":{"line":12,"column":19},"end":{"line":12,"column":21}}]},"3":{"loc":{"start":{"line":22,"column":6},"end":{"line":24,"column":null}},"type":"if","locations":[{"start":{"line":22,"column":6},"end":{"line":24,"column":null}}]},"4":{"loc":{"start":{"line":33,"column":6},"end":{"line":35,"column":null}},"type":"if","locations":[{"start":{"line":33,"column":6},"end":{"line":35,"column":null}}]}},"s":{"0":1,"1":1,"2":1,"3":11,"4":11,"5":0,"6":11,"7":11,"8":11,"9":4,"10":7,"11":7,"12":3,"13":4,"14":1},"f":{"0":11,"1":11},"b":{"0":[0],"1":[0,11],"2":[11,11],"3":[4],"4":[3]}}
,"E:\\learn\\node\\error\\src\\middleware\\validate-request-schema.ts": {"path":"E:\\learn\\node\\error\\src\\middleware\\validate-request-schema.ts","statementMap":{"0":{"start":{"line":2,"column":0},"end":{"line":2,"column":52}},"1":{"start":{"line":3,"column":0},"end":{"line":3,"column":76}},"2":{"start":{"line":12,"column":19},"end":{"line":12,"column":40}},"3":{"start":{"line":14,"column":4},"end":{"line":16,"column":null}},"4":{"start":{"line":15,"column":8},"end":{"line":15,"column":null}},"5":{"start":{"line":17,"column":4},"end":{"line":17,"column":null}},"6":{"start":{"line":5,"column":0},"end":{"line":5,"column":24}}},"fnMap":{"0":{"name":"validateRequest","decl":{"start":{"line":5,"column":24},"end":{"line":5,"column":39}},"loc":{"start":{"line":8,"column":22},"end":{"line":18,"column":1}}}},"branchMap":{"0":{"loc":{"start":{"line":14,"column":4},"end":{"line":16,"column":null}},"type":"if","locations":[{"start":{"line":14,"column":4},"end":{"line":16,"column":null}}]}},"s":{"0":1,"1":1,"2":9,"3":9,"4":0,"5":9,"6":1},"f":{"0":9},"b":{"0":[0]}}
,"E:\\learn\\node\\error\\src\\models\\permisssion.ts": {"path":"E:\\learn\\node\\error\\src\\models\\permisssion.ts","statementMap":{"0":{"start":{"line":1,"column":0},"end":{"line":1,"column":32}},"1":{"start":{"line":3,"column":25},"end":{"line":20,"column":2}},"2":{"start":{"line":22,"column":19},"end":{"line":22,"column":64}},"3":{"start":{"line":24,"column":9},"end":{"line":24,"column":19}}},"fnMap":{},"branchMap":{},"s":{"0":1,"1":1,"2":1,"3":1},"f":{},"b":{}}
,"E:\\learn\\node\\error\\src\\models\\post.ts": {"path":"E:\\learn\\node\\error\\src\\models\\post.ts","statementMap":{"0":{"start":{"line":1,"column":0},"end":{"line":1,"column":32}},"1":{"start":{"line":3,"column":19},"end":{"line":16,"column":2}},"2":{"start":{"line":18,"column":13},"end":{"line":18,"column":46}},"3":{"start":{"line":20,"column":9},"end":{"line":20,"column":13}}},"fnMap":{},"branchMap":{},"s":{"0":1,"1":1,"2":1,"3":1},"f":{},"b":{}}
,"E:\\learn\\node\\error\\src\\models\\user.ts": {"path":"E:\\learn\\node\\error\\src\\models\\user.ts","statementMap":{"0":{"start":{"line":1,"column":0},"end":{"line":1,"column":32}},"1":{"start":{"line":2,"column":0},"end":{"line":2,"column":48}},"2":{"start":{"line":5,"column":19},"end":{"line":18,"column":2}},"3":{"start":{"line":20,"column":0},"end":{"line":26,"column":3}},"4":{"start":{"line":21,"column":2},"end":{"line":24,"column":null}},"5":{"start":{"line":22,"column":19},"end":{"line":22,"column":62}},"6":{"start":{"line":23,"column":4},"end":{"line":23,"column":33}},"7":{"start":{"line":25,"column":2},"end":{"line":25,"column":9}},"8":{"start":{"line":28,"column":13},"end":{"line":28,"column":46}},"9":{"start":{"line":30,"column":9},"end":{"line":30,"column":13}}},"fnMap":{"0":{"name":"(anonymous_8)","decl":{"start":{"line":20,"column":23},"end":{"line":20,"column":38}},"loc":{"start":{"line":20,"column":42},"end":{"line":26,"column":2}}}},"branchMap":{"0":{"loc":{"start":{"line":21,"column":2},"end":{"line":24,"column":null}},"type":"if","locations":[{"start":{"line":21,"column":2},"end":{"line":24,"column":null}}]}},"s":{"0":1,"1":1,"2":1,"3":1,"4":3,"5":3,"6":3,"7":3,"8":1,"9":1},"f":{"0":3},"b":{"0":[3]}}
,"E:\\learn\\node\\error\\src\\routes\\authRoute.ts": {"path":"E:\\learn\\node\\error\\src\\routes\\authRoute.ts","statementMap":{"0":{"start":{"line":1,"column":0},"end":{"line":1,"column":29}},"1":{"start":{"line":2,"column":0},"end":{"line":2,"column":70}},"2":{"start":{"line":3,"column":0},"end":{"line":3,"column":58}},"3":{"start":{"line":4,"column":0},"end":{"line":4,"column":78}},"4":{"start":{"line":5,"column":0},"end":{"line":5,"column":66}},"5":{"start":{"line":6,"column":0},"end":{"line":6,"column":56}},"6":{"start":{"line":7,"column":0},"end":{"line":7,"column":68}},"7":{"start":{"line":8,"column":0},"end":{"line":8,"column":50}},"8":{"start":{"line":9,"column":0},"end":{"line":9,"column":50}},"9":{"start":{"line":11,"column":19},"end":{"line":11,"column":35}},"10":{"start":{"line":23,"column":9},"end":{"line":23,"column":19}},"11":{"start":{"line":13,"column":0},"end":{"line":13,"column":84}},"12":{"start":{"line":14,"column":0},"end":{"line":14,"column":84}},"13":{"start":{"line":15,"column":0},"end":{"line":18,"column":null}},"14":{"start":{"line":16,"column":4},"end":{"line":16,"column":null}},"15":{"start":{"line":17,"column":4},"end":{"line":17,"column":null}},"16":{"start":{"line":19,"column":0},"end":{"line":19,"column":47}},"17":{"start":{"line":20,"column":0},"end":{"line":20,"column":null}},"18":{"start":{"line":21,"column":0},"end":{"line":21,"column":null}}},"fnMap":{"0":{"name":"(anonymous_1)","decl":{"start":{"line":15,"column":34},"end":{"line":15,"column":35}},"loc":{"start":{"line":15,"column":46},"end":{"line":18,"column":1}}}},"branchMap":{},"s":{"0":1,"1":1,"2":1,"3":1,"4":1,"5":1,"6":1,"7":1,"8":1,"9":1,"10":1,"11":1,"12":1,"13":1,"14":0,"15":0,"16":1,"17":1,"18":1},"f":{"0":0},"b":{}}
,"E:\\learn\\node\\error\\src\\routes\\route.ts": {"path":"E:\\learn\\node\\error\\src\\routes\\route.ts","statementMap":{"0":{"start":{"line":1,"column":0},"end":{"line":1,"column":29}},"1":{"start":{"line":3,"column":0},"end":{"line":3,"column":68}},"2":{"start":{"line":7,"column":0},"end":{"line":7,"column":56}},"3":{"start":{"line":8,"column":0},"end":{"line":8,"column":92}},"4":{"start":{"line":9,"column":0},"end":{"line":9,"column":46}},"5":{"start":{"line":11,"column":0},"end":{"line":11,"column":58}},"6":{"start":{"line":12,"column":0},"end":{"line":12,"column":56}},"7":{"start":{"line":14,"column":15},"end":{"line":14,"column":31}},"8":{"start":{"line":25,"column":9},"end":{"line":25,"column":15}},"9":{"start":{"line":17,"column":0},"end":{"line":21,"column":null}},"10":{"start":{"line":23,"column":0},"end":{"line":23,"column":49}},"11":{"start":{"line":23,"column":26},"end":{"line":23,"column":47}}},"fnMap":{"0":{"name":"(anonymous_1)","decl":{"start":{"line":23,"column":15},"end":{"line":23,"column":16}},"loc":{"start":{"line":23,"column":26},"end":{"line":23,"column":47}}}},"branchMap":{},"s":{"0":1,"1":1,"2":1,"3":1,"4":1,"5":1,"6":1,"7":1,"8":1,"9":1,"10":1,"11":0},"f":{"0":0},"b":{}}
,"E:\\learn\\node\\error\\src\\schema\\deltePostSchema.ts": {"path":"E:\\learn\\node\\error\\src\\schema\\deltePostSchema.ts","statementMap":{"0":{"start":{"line":1,"column":0},"end":{"line":1,"column":41}},"1":{"start":{"line":3,"column":24},"end":{"line":5,"column":null}},"2":{"start":{"line":7,"column":0},"end":{"line":7,"column":null}}},"fnMap":{},"branchMap":{},"s":{"0":1,"1":1,"2":1},"f":{},"b":{}}
,"E:\\learn\\node\\error\\src\\schema\\postSchema.ts": {"path":"E:\\learn\\node\\error\\src\\schema\\postSchema.ts","statementMap":{"0":{"start":{"line":1,"column":0},"end":{"line":1,"column":41}},"1":{"start":{"line":3,"column":19},"end":{"line":6,"column":null}},"2":{"start":{"line":8,"column":0},"end":{"line":8,"column":null}}},"fnMap":{},"branchMap":{},"s":{"0":1,"1":1,"2":1},"f":{},"b":{}}
,"E:\\learn\\node\\error\\src\\schema\\signinSchema.ts": {"path":"E:\\learn\\node\\error\\src\\schema\\signinSchema.ts","statementMap":{"0":{"start":{"line":1,"column":0},"end":{"line":1,"column":41}},"1":{"start":{"line":3,"column":21},"end":{"line":9,"column":null}},"2":{"start":{"line":11,"column":0},"end":{"line":11,"column":null}}},"fnMap":{},"branchMap":{},"s":{"0":1,"1":1,"2":1},"f":{},"b":{}}
,"E:\\learn\\node\\error\\src\\schema\\signupSchema.ts": {"path":"E:\\learn\\node\\error\\src\\schema\\signupSchema.ts","statementMap":{"0":{"start":{"line":1,"column":0},"end":{"line":1,"column":41}},"1":{"start":{"line":3,"column":21},"end":{"line":9,"column":null}},"2":{"start":{"line":11,"column":0},"end":{"line":11,"column":null}}},"fnMap":{},"branchMap":{},"s":{"0":1,"1":1,"2":1},"f":{},"b":{}}
,"E:\\learn\\node\\error\\src\\schema\\updatePostSchema.ts": {"path":"E:\\learn\\node\\error\\src\\schema\\updatePostSchema.ts","statementMap":{"0":{"start":{"line":1,"column":0},"end":{"line":1,"column":41}},"1":{"start":{"line":3,"column":25},"end":{"line":7,"column":null}},"2":{"start":{"line":9,"column":0},"end":{"line":9,"column":null}}},"fnMap":{},"branchMap":{},"s":{"0":1,"1":1,"2":1},"f":{},"b":{}}
,"E:\\learn\\node\\error\\src\\services\\password.ts": {"path":"E:\\learn\\node\\error\\src\\services\\password.ts","statementMap":{"0":{"start":{"line":1,"column":0},"end":{"line":1,"column":45}},"1":{"start":{"line":2,"column":0},"end":{"line":2,"column":33}},"2":{"start":{"line":4,"column":20},"end":{"line":4,"column":37}},"3":{"start":{"line":8,"column":17},"end":{"line":8,"column":47}},"4":{"start":{"line":10,"column":17},"end":{"line":10,"column":54}},"5":{"start":{"line":12,"column":4},"end":{"line":12,"column":44}},"6":{"start":{"line":16,"column":35},"end":{"line":16,"column":60}},"7":{"start":{"line":18,"column":17},"end":{"line":18,"column":62}},"8":{"start":{"line":20,"column":4},"end":{"line":20,"column":50}},"9":{"start":{"line":6,"column":0},"end":{"line":6,"column":13}}},"fnMap":{"0":{"name":"(anonymous_7)","decl":{"start":{"line":7,"column":2},"end":{"line":7,"column":8}},"loc":{"start":{"line":7,"column":38},"end":{"line":13,"column":null}}},"1":{"name":"(anonymous_9)","decl":{"start":{"line":15,"column":2},"end":{"line":15,"column":8}},"loc":{"start":{"line":15,"column":71},"end":{"line":21,"column":null}}}},"branchMap":{},"s":{"0":1,"1":1,"2":1,"3":3,"4":3,"5":3,"6":2,"7":2,"8":2,"9":1},"f":{"0":3,"1":2},"b":{}}
}
