TN:
SF:src\app.ts
FNF:0
FNH:0
DA:1,1
DA:2,1
DA:3,1
DA:4,1
DA:5,1
DA:6,1
DA:7,1
DA:8,1
DA:11,1
DA:12,1
DA:13,1
DA:14,1
DA:17,1
DA:23,1
DA:24,1
DA:25,1
DA:27,1
DA:30,1
LF:18
LH:18
BRF:0
BRH:0
end_of_record
TN:
SF:src\controller\permissionController.ts
FN:4,(anonymous_7)
FN:4,(anonymous_8)
FN:7,(anonymous_9)
FNF:3
FNH:3
FNDA:4,(anonymous_7)
FNDA:4,(anonymous_8)
FNDA:4,(anonymous_9)
DA:2,1
DA:4,4
DA:5,4
DA:7,4
DA:8,4
LF:5
LH:5
BRDA:8,0,0,0
BRDA:8,0,1,4
BRF:2
BRH:1
end_of_record
TN:
SF:src\controller\postController.ts
FN:4,(anonymous_7)
FN:4,(anonymous_8)
FN:16,(anonymous_9)
FN:16,(anonymous_10)
FN:20,(anonymous_11)
FN:26,(anonymous_12)
FN:26,(anonymous_13)
FN:39,(anonymous_14)
FN:39,(anonymous_15)
FNF:9
FNH:9
FNDA:3,(anonymous_7)
FNDA:3,(anonymous_8)
FNDA:2,(anonymous_9)
FNDA:2,(anonymous_10)
FNDA:2,(anonymous_11)
FNDA:2,(anonymous_12)
FNDA:2,(anonymous_13)
FNDA:1,(anonymous_14)
FNDA:1,(anonymous_15)
DA:2,1
DA:4,3
DA:5,3
DA:8,3
DA:9,3
DA:12,0
DA:16,2
DA:17,2
DA:18,2
DA:20,2
DA:21,2
DA:26,2
DA:27,2
DA:28,2
DA:29,2
DA:30,2
DA:31,2
DA:32,2
DA:35,0
DA:39,1
DA:40,1
DA:41,1
DA:42,1
DA:43,1
LF:24
LH:22
BRDA:8,0,0,3
BRDA:8,0,1,0
BRDA:21,1,0,0
BRDA:21,1,1,2
BRF:4
BRH:2
end_of_record
TN:
SF:src\controller\signinController.ts
FN:6,(anonymous_8)
FN:6,(anonymous_9)
FN:39,(anonymous_10)
FN:39,(anonymous_11)
FNF:4
FNH:4
FNDA:2,(anonymous_8)
FNDA:2,(anonymous_9)
FNDA:2,(anonymous_10)
FNDA:2,(anonymous_11)
DA:2,1
DA:3,1
DA:4,1
DA:6,2
DA:7,2
DA:8,2
DA:9,2
DA:10,0
DA:12,2
DA:17,2
DA:18,0
DA:20,2
DA:22,2
DA:32,2
DA:36,2
DA:39,2
DA:40,2
DA:41,2
DA:42,2
DA:43,2
LF:20
LH:18
BRDA:9,0,0,0
BRDA:17,1,0,0
BRDA:42,2,0,2
BRF:3
BRH:1
end_of_record
TN:
SF:src\controller\signupController.ts
FN:5,(anonymous_8)
FN:5,(anonymous_9)
FNF:2
FNH:2
FNDA:3,(anonymous_8)
FNDA:3,(anonymous_9)
DA:2,1
DA:3,1
DA:5,3
DA:6,3
DA:7,3
DA:8,3
DA:9,0
DA:12,3
DA:13,3
DA:15,3
DA:24,3
DA:28,3
LF:12
LH:11
BRDA:8,0,0,0
BRF:1
BRH:0
end_of_record
TN:
SF:src\errors\custom-errors-contract.ts
FN:4,(anonymous_0)
FNF:1
FNH:0
FNDA:0,(anonymous_0)
DA:1,1
DA:5,0
DA:7,0
LF:3
LH:1
BRF:0
BRH:0
end_of_record
TN:
SF:src\errors\request-validation-error.ts
FN:8,(anonymous_0)
FN:13,(anonymous_1)
FN:14,(anonymous_2)
FNF:3
FNH:0
FNDA:0,(anonymous_0)
FNDA:0,(anonymous_1)
FNDA:0,(anonymous_2)
DA:2,1
DA:4,1
DA:6,0
DA:8,0
DA:9,0
DA:10,0
DA:14,0
DA:15,0
LF:8
LH:2
BRF:0
BRH:0
end_of_record
TN:
SF:src\middleware\currentUser.ts
FN:19,(anonymous_1)
FNF:1
FNH:1
FNDA:8,(anonymous_1)
DA:2,1
DA:19,1
DA:20,8
DA:21,0
DA:24,8
DA:25,8
DA:29,8
DA:32,8
LF:8
LH:7
BRDA:20,0,0,0
BRDA:20,1,0,0
BRDA:20,1,1,8
BRDA:20,2,0,8
BRDA:20,2,1,8
BRF:5
BRH:3
end_of_record
TN:
SF:src\middleware\error-handler.ts
FN:4,(anonymous_0)
FNF:1
FNH:0
FNDA:0,(anonymous_0)
DA:2,1
DA:4,1
DA:10,0
DA:12,0
DA:13,0
DA:16,0
LF:6
LH:2
BRDA:12,0,0,0
BRF:1
BRH:0
end_of_record
TN:
SF:src\middleware\hasPermission.ts
FN:11,(anonymous_8)
FN:11,(anonymous_9)
FNF:2
FNH:2
FNDA:11,(anonymous_8)
FNDA:11,(anonymous_9)
DA:2,1
DA:3,1
DA:11,11
DA:12,11
DA:13,0
DA:16,11
DA:17,11
DA:22,11
DA:23,4
DA:26,7
DA:33,7
DA:34,3
DA:36,4
LF:13
LH:12
BRDA:12,0,0,0
BRDA:12,1,0,0
BRDA:12,1,1,11
BRDA:12,2,0,11
BRDA:12,2,1,11
BRDA:22,3,0,4
BRDA:33,4,0,3
BRF:7
BRH:5
end_of_record
TN:
SF:src\middleware\validate-request-schema.ts
FN:5,validateRequest
FNF:1
FNH:1
FNDA:9,validateRequest
DA:2,1
DA:3,1
DA:5,1
DA:12,9
DA:14,9
DA:15,0
DA:17,9
LF:7
LH:6
BRDA:14,0,0,0
BRF:1
BRH:0
end_of_record
TN:
SF:src\models\permisssion.ts
FNF:0
FNH:0
DA:1,1
DA:3,1
DA:22,1
DA:24,1
LF:4
LH:4
BRF:0
BRH:0
end_of_record
TN:
SF:src\models\post.ts
FNF:0
FNH:0
DA:1,1
DA:3,1
DA:18,1
DA:20,1
LF:4
LH:4
BRF:0
BRH:0
end_of_record
TN:
SF:src\models\user.ts
FN:20,(anonymous_8)
FNF:1
FNH:1
FNDA:3,(anonymous_8)
DA:1,1
DA:2,1
DA:5,1
DA:20,1
DA:21,3
DA:22,3
DA:23,3
DA:25,3
DA:28,1
DA:30,1
LF:10
LH:10
BRDA:21,0,0,3
BRF:1
BRH:1
end_of_record
TN:
SF:src\routes\authRoute.ts
FN:15,(anonymous_1)
FNF:1
FNH:0
FNDA:0,(anonymous_1)
DA:1,1
DA:2,1
DA:3,1
DA:4,1
DA:5,1
DA:6,1
DA:7,1
DA:8,1
DA:9,1
DA:11,1
DA:13,1
DA:14,1
DA:15,1
DA:16,0
DA:17,0
DA:19,1
DA:20,1
DA:21,1
DA:23,1
LF:19
LH:17
BRF:0
BRH:0
end_of_record
TN:
SF:src\routes\route.ts
FN:23,(anonymous_1)
FNF:1
FNH:0
FNDA:0,(anonymous_1)
DA:1,1
DA:3,1
DA:7,1
DA:8,1
DA:9,1
DA:11,1
DA:12,1
DA:14,1
DA:17,1
DA:23,1
DA:25,1
LF:11
LH:11
BRF:0
BRH:0
end_of_record
TN:
SF:src\schema\deltePostSchema.ts
FNF:0
FNH:0
DA:1,1
DA:3,1
DA:7,1
LF:3
LH:3
BRF:0
BRH:0
end_of_record
TN:
SF:src\schema\postSchema.ts
FNF:0
FNH:0
DA:1,1
DA:3,1
DA:8,1
LF:3
LH:3
BRF:0
BRH:0
end_of_record
TN:
SF:src\schema\signinSchema.ts
FNF:0
FNH:0
DA:1,1
DA:3,1
DA:11,1
LF:3
LH:3
BRF:0
BRH:0
end_of_record
TN:
SF:src\schema\signupSchema.ts
FNF:0
FNH:0
DA:1,1
DA:3,1
DA:11,1
LF:3
LH:3
BRF:0
BRH:0
end_of_record
TN:
SF:src\schema\updatePostSchema.ts
FNF:0
FNH:0
DA:1,1
DA:3,1
DA:9,1
LF:3
LH:3
BRF:0
BRH:0
end_of_record
TN:
SF:src\services\password.ts
FN:7,(anonymous_7)
FN:15,(anonymous_9)
FNF:2
FNH:2
FNDA:3,(anonymous_7)
FNDA:2,(anonymous_9)
DA:1,1
DA:2,1
DA:4,1
DA:6,1
DA:8,3
DA:10,3
DA:12,3
DA:16,2
DA:18,2
DA:20,2
LF:10
LH:10
BRF:0
BRH:0
end_of_record
